  GameFlow.cpp
F:\GitHub\SuperMario\SuperMARIO\GameFlow.h(58,79): warning C4244: 'argument': conversion from 'T' to 'T', possible loss of data
F:\GitHub\SuperMario\SuperMARIO\GameFlow.h(58,79): warning C4244:         with
F:\GitHub\SuperMario\SuperMARIO\GameFlow.h(58,79): warning C4244:         [
F:\GitHub\SuperMario\SuperMARIO\GameFlow.h(58,79): warning C4244:             T=unsigned int
F:\GitHub\SuperMario\SuperMARIO\GameFlow.h(58,79): warning C4244:         ]
F:\GitHub\SuperMario\SuperMARIO\GameFlow.h(58,79): warning C4244:         and
F:\GitHub\SuperMario\SuperMARIO\GameFlow.h(58,79): warning C4244:         [
F:\GitHub\SuperMario\SuperMARIO\GameFlow.h(58,79): warning C4244:             T=float
F:\GitHub\SuperMario\SuperMARIO\GameFlow.h(58,79): warning C4244:         ]
  (compiling source file 'GameFlow.cpp')
  
F:\GitHub\SuperMario\SuperMARIO\GameFlow.h(58,58): warning C4244: 'argument': conversion from 'T' to 'T', possible loss of data
F:\GitHub\SuperMario\SuperMARIO\GameFlow.h(58,58): warning C4244:         with
F:\GitHub\SuperMario\SuperMARIO\GameFlow.h(58,58): warning C4244:         [
F:\GitHub\SuperMario\SuperMARIO\GameFlow.h(58,58): warning C4244:             T=unsigned int
F:\GitHub\SuperMario\SuperMARIO\GameFlow.h(58,58): warning C4244:         ]
F:\GitHub\SuperMario\SuperMARIO\GameFlow.h(58,58): warning C4244:         and
F:\GitHub\SuperMario\SuperMARIO\GameFlow.h(58,58): warning C4244:         [
F:\GitHub\SuperMario\SuperMARIO\GameFlow.h(58,58): warning C4244:             T=float
F:\GitHub\SuperMario\SuperMARIO\GameFlow.h(58,58): warning C4244:         ]
  (compiling source file 'GameFlow.cpp')
  
F:\GitHub\SuperMario\SuperMARIO\GameFlow.cpp(352,68): warning C4244: 'argument': conversion from 'const T' to 'int', possible loss of data
F:\GitHub\SuperMario\SuperMARIO\GameFlow.cpp(352,68): warning C4244:         with
F:\GitHub\SuperMario\SuperMARIO\GameFlow.cpp(352,68): warning C4244:         [
F:\GitHub\SuperMario\SuperMARIO\GameFlow.cpp(352,68): warning C4244:             T=float
F:\GitHub\SuperMario\SuperMARIO\GameFlow.cpp(352,68): warning C4244:         ]
F:\GitHub\SuperMario\SuperMARIO\GameFlow.cpp(812,75): warning C4244: 'argument': conversion from 'float' to 'int', possible loss of data
F:\GitHub\SuperMario\SuperMARIO\GameFlow.cpp(837,75): warning C4244: 'argument': conversion from 'float' to 'int', possible loss of data
F:\GitHub\SuperMario\SuperMARIO\GameFlow.cpp(1000,40): warning C4267: '=': conversion from 'size_t' to 'int', possible loss of data
  Generating code
  6 of 2038 functions ( 0.3%) were compiled, the rest were copied from previous compilation.
    0 functions were new in current compilation
    10 functions had inline decision re-evaluated but remain unchanged
  Finished generating code
  SuperMario.vcxproj -> F:\GitHub\SuperMario\SuperMARIO\x64\Release\SuperMario.exe
