d:\cs202-supermariogame\supermario\supermario\x64\release\vc143.pdb
d:\cs202-supermariogame\supermario\supermario\x64\release\resources.obj
d:\cs202-supermariogame\supermario\supermario\x64\release\renderer.obj
d:\cs202-supermariogame\supermario\supermario\x64\release\physics.obj
d:\cs202-supermariogame\supermario\supermario\x64\release\menu.obj
d:\cs202-supermariogame\supermario\supermario\x64\release\map.obj
d:\cs202-supermariogame\supermario\supermario\x64\release\character.obj
d:\cs202-supermariogame\supermario\supermario\x64\release\main.obj
d:\cs202-supermariogame\supermario\supermario\x64\release\gameflow.obj
d:\cs202-supermariogame\supermario\supermario\x64\release\game.obj
d:\cs202-supermariogame\supermario\supermario\x64\release\entity.obj
d:\cs202-supermariogame\supermario\supermario\x64\release\camera.obj
d:\cs202-supermariogame\supermario\x64\release\supermario.exe
d:\cs202-supermariogame\supermario\x64\release\supermario.pdb
d:\cs202-supermariogame\supermario\supermario\x64\release\supermario.ipdb
d:\cs202-supermariogame\supermario\supermario\x64\release\supermario.iobj
d:\cs202-supermariogame\supermario\supermario\x64\release\supermario.tlog\cl.command.1.tlog
d:\cs202-supermariogame\supermario\supermario\x64\release\supermario.tlog\cl.items.tlog
d:\cs202-supermariogame\supermario\supermario\x64\release\supermario.tlog\cl.read.1.tlog
d:\cs202-supermariogame\supermario\supermario\x64\release\supermario.tlog\cl.write.1.tlog
d:\cs202-supermariogame\supermario\supermario\x64\release\supermario.tlog\link.command.1.tlog
d:\cs202-supermariogame\supermario\supermario\x64\release\supermario.tlog\link.read.1.tlog
d:\cs202-supermariogame\supermario\supermario\x64\release\supermario.tlog\link.secondary.1.tlog
d:\cs202-supermariogame\supermario\supermario\x64\release\supermario.tlog\link.write.1.tlog
