  Animation.cpp
  Camera.cpp
  entity.cpp
  Game.cpp
  GameFlow.cpp
D:\CS202-SuperMarioGame\SuperMario\GameFlow.h(58,79): warning C4244: 'argument': conversion from 'T' to 'T', possible loss of data
D:\CS202-SuperMarioGame\SuperMario\GameFlow.h(58,79): warning C4244:         with
D:\CS202-SuperMarioGame\SuperMario\GameFlow.h(58,79): warning C4244:         [
D:\CS202-SuperMarioGame\SuperMario\GameFlow.h(58,79): warning C4244:             T=unsigned int
D:\CS202-SuperMarioGame\SuperMario\GameFlow.h(58,79): warning C4244:         ]
D:\CS202-SuperMarioGame\SuperMario\GameFlow.h(58,79): warning C4244:         and
D:\CS202-SuperMarioGame\SuperMario\GameFlow.h(58,79): warning C4244:         [
D:\CS202-SuperMarioGame\SuperMario\GameFlow.h(58,79): warning C4244:             T=float
D:\CS202-SuperMarioGame\SuperMario\GameFlow.h(58,79): warning C4244:         ]
  (compiling source file 'GameFlow.cpp')
  
D:\CS202-SuperMarioGame\SuperMario\GameFlow.h(58,58): warning C4244: 'argument': conversion from 'T' to 'T', possible loss of data
D:\CS202-SuperMarioGame\SuperMario\GameFlow.h(58,58): warning C4244:         with
D:\CS202-SuperMarioGame\SuperMario\GameFlow.h(58,58): warning C4244:         [
D:\CS202-SuperMarioGame\SuperMario\GameFlow.h(58,58): warning C4244:             T=unsigned int
D:\CS202-SuperMarioGame\SuperMario\GameFlow.h(58,58): warning C4244:         ]
D:\CS202-SuperMarioGame\SuperMario\GameFlow.h(58,58): warning C4244:         and
D:\CS202-SuperMarioGame\SuperMario\GameFlow.h(58,58): warning C4244:         [
D:\CS202-SuperMarioGame\SuperMario\GameFlow.h(58,58): warning C4244:             T=float
D:\CS202-SuperMarioGame\SuperMario\GameFlow.h(58,58): warning C4244:         ]
  (compiling source file 'GameFlow.cpp')
  
D:\CS202-SuperMarioGame\SuperMario\GameFlow.cpp(354,68): warning C4244: 'argument': conversion from 'const T' to 'int', possible loss of data
D:\CS202-SuperMarioGame\SuperMario\GameFlow.cpp(354,68): warning C4244:         with
D:\CS202-SuperMarioGame\SuperMario\GameFlow.cpp(354,68): warning C4244:         [
D:\CS202-SuperMarioGame\SuperMario\GameFlow.cpp(354,68): warning C4244:             T=float
D:\CS202-SuperMarioGame\SuperMario\GameFlow.cpp(354,68): warning C4244:         ]
D:\CS202-SuperMarioGame\SuperMario\GameFlow.cpp(860,75): warning C4244: 'argument': conversion from 'float' to 'int', possible loss of data
D:\CS202-SuperMarioGame\SuperMario\GameFlow.cpp(888,75): warning C4244: 'argument': conversion from 'float' to 'int', possible loss of data
D:\CS202-SuperMarioGame\SuperMario\GameFlow.cpp(1049,40): warning C4267: '=': conversion from 'size_t' to 'int', possible loss of data
  main.cpp
D:\CS202-SuperMarioGame\SuperMario\GameFlow.h(58,79): warning C4244: 'argument': conversion from 'T' to 'T', possible loss of data
D:\CS202-SuperMarioGame\SuperMario\GameFlow.h(58,79): warning C4244:         with
D:\CS202-SuperMarioGame\SuperMario\GameFlow.h(58,79): warning C4244:         [
D:\CS202-SuperMarioGame\SuperMario\GameFlow.h(58,79): warning C4244:             T=unsigned int
D:\CS202-SuperMarioGame\SuperMario\GameFlow.h(58,79): warning C4244:         ]
D:\CS202-SuperMarioGame\SuperMario\GameFlow.h(58,79): warning C4244:         and
D:\CS202-SuperMarioGame\SuperMario\GameFlow.h(58,79): warning C4244:         [
D:\CS202-SuperMarioGame\SuperMario\GameFlow.h(58,79): warning C4244:             T=float
D:\CS202-SuperMarioGame\SuperMario\GameFlow.h(58,79): warning C4244:         ]
  (compiling source file 'main.cpp')
  
D:\CS202-SuperMarioGame\SuperMario\GameFlow.h(58,58): warning C4244: 'argument': conversion from 'T' to 'T', possible loss of data
D:\CS202-SuperMarioGame\SuperMario\GameFlow.h(58,58): warning C4244:         with
D:\CS202-SuperMarioGame\SuperMario\GameFlow.h(58,58): warning C4244:         [
D:\CS202-SuperMarioGame\SuperMario\GameFlow.h(58,58): warning C4244:             T=unsigned int
D:\CS202-SuperMarioGame\SuperMario\GameFlow.h(58,58): warning C4244:         ]
D:\CS202-SuperMarioGame\SuperMario\GameFlow.h(58,58): warning C4244:         and
D:\CS202-SuperMarioGame\SuperMario\GameFlow.h(58,58): warning C4244:         [
D:\CS202-SuperMarioGame\SuperMario\GameFlow.h(58,58): warning C4244:             T=float
D:\CS202-SuperMarioGame\SuperMario\GameFlow.h(58,58): warning C4244:         ]
  (compiling source file 'main.cpp')
  
  Character.cpp
  Map.cpp
D:\CS202-SuperMarioGame\SuperMario\Map.cpp(26,34): warning C4244: 'argument': conversion from 'T' to 'const unsigned __int64', possible loss of data
D:\CS202-SuperMarioGame\SuperMario\Map.cpp(26,34): warning C4244:         with
D:\CS202-SuperMarioGame\SuperMario\Map.cpp(26,34): warning C4244:         [
D:\CS202-SuperMarioGame\SuperMario\Map.cpp(26,34): warning C4244:             T=float
D:\CS202-SuperMarioGame\SuperMario\Map.cpp(26,34): warning C4244:         ]
D:\CS202-SuperMarioGame\SuperMario\Map.cpp(26,57): warning C4244: 'argument': conversion from 'T' to 'const unsigned __int64', possible loss of data
D:\CS202-SuperMarioGame\SuperMario\Map.cpp(26,57): warning C4244:         with
D:\CS202-SuperMarioGame\SuperMario\Map.cpp(26,57): warning C4244:         [
D:\CS202-SuperMarioGame\SuperMario\Map.cpp(26,57): warning C4244:             T=float
D:\CS202-SuperMarioGame\SuperMario\Map.cpp(26,57): warning C4244:         ]
D:\CS202-SuperMarioGame\SuperMario\Map.cpp(140,31): warning C4244: '=': conversion from 'float' to '_Ty1', possible loss of data
D:\CS202-SuperMarioGame\SuperMario\Map.cpp(140,31): warning C4244:         with
D:\CS202-SuperMarioGame\SuperMario\Map.cpp(140,31): warning C4244:         [
D:\CS202-SuperMarioGame\SuperMario\Map.cpp(140,31): warning C4244:             _Ty1=int
D:\CS202-SuperMarioGame\SuperMario\Map.cpp(140,31): warning C4244:         ]
D:\CS202-SuperMarioGame\SuperMario\Map.cpp(141,32): warning C4244: '=': conversion from 'float' to '_Ty2', possible loss of data
D:\CS202-SuperMarioGame\SuperMario\Map.cpp(141,32): warning C4244:         with
D:\CS202-SuperMarioGame\SuperMario\Map.cpp(141,32): warning C4244:         [
D:\CS202-SuperMarioGame\SuperMario\Map.cpp(141,32): warning C4244:             _Ty2=int
D:\CS202-SuperMarioGame\SuperMario\Map.cpp(141,32): warning C4244:         ]
D:\CS202-SuperMarioGame\SuperMario\Map.cpp(157,21): warning C4267: 'initializing': conversion from 'size_t' to 'int', possible loss of data
D:\CS202-SuperMarioGame\SuperMario\Map.cpp(159,15): warning C4267: '=': conversion from 'size_t' to 'int', possible loss of data
D:\CS202-SuperMarioGame\SuperMario\Map.cpp(160,15): warning C4267: '=': conversion from 'size_t' to 'int', possible loss of data
D:\CS202-SuperMarioGame\SuperMario\Map.cpp(195,90): warning C4244: 'argument': conversion from 'int' to 'T', possible loss of data
D:\CS202-SuperMarioGame\SuperMario\Map.cpp(195,90): warning C4244:         with
D:\CS202-SuperMarioGame\SuperMario\Map.cpp(195,90): warning C4244:         [
D:\CS202-SuperMarioGame\SuperMario\Map.cpp(195,90): warning C4244:             T=float
D:\CS202-SuperMarioGame\SuperMario\Map.cpp(195,90): warning C4244:         ]
D:\CS202-SuperMarioGame\SuperMario\Map.cpp(195,87): warning C4244: 'argument': conversion from 'int' to 'T', possible loss of data
D:\CS202-SuperMarioGame\SuperMario\Map.cpp(195,87): warning C4244:         with
D:\CS202-SuperMarioGame\SuperMario\Map.cpp(195,87): warning C4244:         [
D:\CS202-SuperMarioGame\SuperMario\Map.cpp(195,87): warning C4244:             T=float
D:\CS202-SuperMarioGame\SuperMario\Map.cpp(195,87): warning C4244:         ]
D:\CS202-SuperMarioGame\SuperMario\Map.cpp(197,92): warning C4244: 'argument': conversion from 'int' to 'T', possible loss of data
D:\CS202-SuperMarioGame\SuperMario\Map.cpp(197,92): warning C4244:         with
D:\CS202-SuperMarioGame\SuperMario\Map.cpp(197,92): warning C4244:         [
D:\CS202-SuperMarioGame\SuperMario\Map.cpp(197,92): warning C4244:             T=float
D:\CS202-SuperMarioGame\SuperMario\Map.cpp(197,92): warning C4244:         ]
D:\CS202-SuperMarioGame\SuperMario\Map.cpp(197,89): warning C4244: 'argument': conversion from 'int' to 'T', possible loss of data
D:\CS202-SuperMarioGame\SuperMario\Map.cpp(197,89): warning C4244:         with
D:\CS202-SuperMarioGame\SuperMario\Map.cpp(197,89): warning C4244:         [
D:\CS202-SuperMarioGame\SuperMario\Map.cpp(197,89): warning C4244:             T=float
D:\CS202-SuperMarioGame\SuperMario\Map.cpp(197,89): warning C4244:         ]
D:\CS202-SuperMarioGame\SuperMario\Map.cpp(199,91): warning C4244: 'argument': conversion from 'int' to 'T', possible loss of data
D:\CS202-SuperMarioGame\SuperMario\Map.cpp(199,91): warning C4244:         with
D:\CS202-SuperMarioGame\SuperMario\Map.cpp(199,91): warning C4244:         [
D:\CS202-SuperMarioGame\SuperMario\Map.cpp(199,91): warning C4244:             T=float
D:\CS202-SuperMarioGame\SuperMario\Map.cpp(199,91): warning C4244:         ]
D:\CS202-SuperMarioGame\SuperMario\Map.cpp(199,88): warning C4244: 'argument': conversion from 'int' to 'T', possible loss of data
D:\CS202-SuperMarioGame\SuperMario\Map.cpp(199,88): warning C4244:         with
D:\CS202-SuperMarioGame\SuperMario\Map.cpp(199,88): warning C4244:         [
D:\CS202-SuperMarioGame\SuperMario\Map.cpp(199,88): warning C4244:             T=float
D:\CS202-SuperMarioGame\SuperMario\Map.cpp(199,88): warning C4244:         ]
D:\CS202-SuperMarioGame\SuperMario\Map.cpp(201,92): warning C4244: 'argument': conversion from 'int' to 'T', possible loss of data
D:\CS202-SuperMarioGame\SuperMario\Map.cpp(201,92): warning C4244:         with
D:\CS202-SuperMarioGame\SuperMario\Map.cpp(201,92): warning C4244:         [
D:\CS202-SuperMarioGame\SuperMario\Map.cpp(201,92): warning C4244:             T=float
D:\CS202-SuperMarioGame\SuperMario\Map.cpp(201,92): warning C4244:         ]
D:\CS202-SuperMarioGame\SuperMario\Map.cpp(201,89): warning C4244: 'argument': conversion from 'int' to 'T', possible loss of data
D:\CS202-SuperMarioGame\SuperMario\Map.cpp(201,89): warning C4244:         with
D:\CS202-SuperMarioGame\SuperMario\Map.cpp(201,89): warning C4244:         [
D:\CS202-SuperMarioGame\SuperMario\Map.cpp(201,89): warning C4244:             T=float
D:\CS202-SuperMarioGame\SuperMario\Map.cpp(201,89): warning C4244:         ]
D:\CS202-SuperMarioGame\SuperMario\Map.cpp(203,96): warning C4244: 'argument': conversion from 'int' to 'T', possible loss of data
D:\CS202-SuperMarioGame\SuperMario\Map.cpp(203,96): warning C4244:         with
D:\CS202-SuperMarioGame\SuperMario\Map.cpp(203,96): warning C4244:         [
D:\CS202-SuperMarioGame\SuperMario\Map.cpp(203,96): warning C4244:             T=float
D:\CS202-SuperMarioGame\SuperMario\Map.cpp(203,96): warning C4244:         ]
D:\CS202-SuperMarioGame\SuperMario\Map.cpp(203,93): warning C4244: 'argument': conversion from 'int' to 'T', possible loss of data
D:\CS202-SuperMarioGame\SuperMario\Map.cpp(203,93): warning C4244:         with
D:\CS202-SuperMarioGame\SuperMario\Map.cpp(203,93): warning C4244:         [
D:\CS202-SuperMarioGame\SuperMario\Map.cpp(203,93): warning C4244:             T=float
D:\CS202-SuperMarioGame\SuperMario\Map.cpp(203,93): warning C4244:         ]
D:\CS202-SuperMarioGame\SuperMario\Map.cpp(205,93): warning C4244: 'argument': conversion from 'int' to 'T', possible loss of data
D:\CS202-SuperMarioGame\SuperMario\Map.cpp(205,93): warning C4244:         with
D:\CS202-SuperMarioGame\SuperMario\Map.cpp(205,93): warning C4244:         [
D:\CS202-SuperMarioGame\SuperMario\Map.cpp(205,93): warning C4244:             T=float
D:\CS202-SuperMarioGame\SuperMario\Map.cpp(205,93): warning C4244:         ]
D:\CS202-SuperMarioGame\SuperMario\Map.cpp(205,90): warning C4244: 'argument': conversion from 'int' to 'T', possible loss of data
D:\CS202-SuperMarioGame\SuperMario\Map.cpp(205,90): warning C4244:         with
D:\CS202-SuperMarioGame\SuperMario\Map.cpp(205,90): warning C4244:         [
D:\CS202-SuperMarioGame\SuperMario\Map.cpp(205,90): warning C4244:             T=float
D:\CS202-SuperMarioGame\SuperMario\Map.cpp(205,90): warning C4244:         ]
D:\CS202-SuperMarioGame\SuperMario\Map.cpp(207,93): warning C4244: 'argument': conversion from 'int' to 'T', possible loss of data
D:\CS202-SuperMarioGame\SuperMario\Map.cpp(207,93): warning C4244:         with
D:\CS202-SuperMarioGame\SuperMario\Map.cpp(207,93): warning C4244:         [
D:\CS202-SuperMarioGame\SuperMario\Map.cpp(207,93): warning C4244:             T=float
D:\CS202-SuperMarioGame\SuperMario\Map.cpp(207,93): warning C4244:         ]
D:\CS202-SuperMarioGame\SuperMario\Map.cpp(207,90): warning C4244: 'argument': conversion from 'int' to 'T', possible loss of data
D:\CS202-SuperMarioGame\SuperMario\Map.cpp(207,90): warning C4244:         with
D:\CS202-SuperMarioGame\SuperMario\Map.cpp(207,90): warning C4244:         [
D:\CS202-SuperMarioGame\SuperMario\Map.cpp(207,90): warning C4244:             T=float
D:\CS202-SuperMarioGame\SuperMario\Map.cpp(207,90): warning C4244:         ]
D:\CS202-SuperMarioGame\SuperMario\Map.cpp(209,96): warning C4244: 'argument': conversion from 'int' to 'T', possible loss of data
D:\CS202-SuperMarioGame\SuperMario\Map.cpp(209,96): warning C4244:         with
D:\CS202-SuperMarioGame\SuperMario\Map.cpp(209,96): warning C4244:         [
D:\CS202-SuperMarioGame\SuperMario\Map.cpp(209,96): warning C4244:             T=float
D:\CS202-SuperMarioGame\SuperMario\Map.cpp(209,96): warning C4244:         ]
D:\CS202-SuperMarioGame\SuperMario\Map.cpp(209,93): warning C4244: 'argument': conversion from 'int' to 'T', possible loss of data
D:\CS202-SuperMarioGame\SuperMario\Map.cpp(209,93): warning C4244:         with
D:\CS202-SuperMarioGame\SuperMario\Map.cpp(209,93): warning C4244:         [
D:\CS202-SuperMarioGame\SuperMario\Map.cpp(209,93): warning C4244:             T=float
D:\CS202-SuperMarioGame\SuperMario\Map.cpp(209,93): warning C4244:         ]
D:\CS202-SuperMarioGame\SuperMario\Map.cpp(211,95): warning C4244: 'argument': conversion from 'int' to 'T', possible loss of data
D:\CS202-SuperMarioGame\SuperMario\Map.cpp(211,95): warning C4244:         with
D:\CS202-SuperMarioGame\SuperMario\Map.cpp(211,95): warning C4244:         [
D:\CS202-SuperMarioGame\SuperMario\Map.cpp(211,95): warning C4244:             T=float
D:\CS202-SuperMarioGame\SuperMario\Map.cpp(211,95): warning C4244:         ]
D:\CS202-SuperMarioGame\SuperMario\Map.cpp(211,92): warning C4244: 'argument': conversion from 'int' to 'T', possible loss of data
D:\CS202-SuperMarioGame\SuperMario\Map.cpp(211,92): warning C4244:         with
D:\CS202-SuperMarioGame\SuperMario\Map.cpp(211,92): warning C4244:         [
D:\CS202-SuperMarioGame\SuperMario\Map.cpp(211,92): warning C4244:             T=float
D:\CS202-SuperMarioGame\SuperMario\Map.cpp(211,92): warning C4244:         ]
D:\CS202-SuperMarioGame\SuperMario\Map.cpp(213,95): warning C4244: 'argument': conversion from 'int' to 'T', possible loss of data
D:\CS202-SuperMarioGame\SuperMario\Map.cpp(213,95): warning C4244:         with
D:\CS202-SuperMarioGame\SuperMario\Map.cpp(213,95): warning C4244:         [
D:\CS202-SuperMarioGame\SuperMario\Map.cpp(213,95): warning C4244:             T=float
D:\CS202-SuperMarioGame\SuperMario\Map.cpp(213,95): warning C4244:         ]
D:\CS202-SuperMarioGame\SuperMario\Map.cpp(213,92): warning C4244: 'argument': conversion from 'int' to 'T', possible loss of data
D:\CS202-SuperMarioGame\SuperMario\Map.cpp(213,92): warning C4244:         with
D:\CS202-SuperMarioGame\SuperMario\Map.cpp(213,92): warning C4244:         [
D:\CS202-SuperMarioGame\SuperMario\Map.cpp(213,92): warning C4244:             T=float
D:\CS202-SuperMarioGame\SuperMario\Map.cpp(213,92): warning C4244:         ]
D:\CS202-SuperMarioGame\SuperMario\Map.cpp(215,173): warning C4244: 'argument': conversion from 'int' to 'T', possible loss of data
D:\CS202-SuperMarioGame\SuperMario\Map.cpp(215,173): warning C4244:         with
D:\CS202-SuperMarioGame\SuperMario\Map.cpp(215,173): warning C4244:         [
D:\CS202-SuperMarioGame\SuperMario\Map.cpp(215,173): warning C4244:             T=float
D:\CS202-SuperMarioGame\SuperMario\Map.cpp(215,173): warning C4244:         ]
D:\CS202-SuperMarioGame\SuperMario\Map.cpp(215,170): warning C4244: 'argument': conversion from 'int' to 'T', possible loss of data
D:\CS202-SuperMarioGame\SuperMario\Map.cpp(215,170): warning C4244:         with
D:\CS202-SuperMarioGame\SuperMario\Map.cpp(215,170): warning C4244:         [
D:\CS202-SuperMarioGame\SuperMario\Map.cpp(215,170): warning C4244:             T=float
D:\CS202-SuperMarioGame\SuperMario\Map.cpp(215,170): warning C4244:         ]
D:\CS202-SuperMarioGame\SuperMario\Map.cpp(217,227): warning C4244: 'argument': conversion from 'int' to 'T', possible loss of data
D:\CS202-SuperMarioGame\SuperMario\Map.cpp(217,227): warning C4244:         with
D:\CS202-SuperMarioGame\SuperMario\Map.cpp(217,227): warning C4244:         [
D:\CS202-SuperMarioGame\SuperMario\Map.cpp(217,227): warning C4244:             T=float
D:\CS202-SuperMarioGame\SuperMario\Map.cpp(217,227): warning C4244:         ]
D:\CS202-SuperMarioGame\SuperMario\Map.cpp(217,224): warning C4244: 'argument': conversion from 'int' to 'T', possible loss of data
D:\CS202-SuperMarioGame\SuperMario\Map.cpp(217,224): warning C4244:         with
D:\CS202-SuperMarioGame\SuperMario\Map.cpp(217,224): warning C4244:         [
D:\CS202-SuperMarioGame\SuperMario\Map.cpp(217,224): warning C4244:             T=float
D:\CS202-SuperMarioGame\SuperMario\Map.cpp(217,224): warning C4244:         ]
D:\CS202-SuperMarioGame\SuperMario\Map.cpp(221,184): warning C4244: 'argument': conversion from 'int' to 'T', possible loss of data
D:\CS202-SuperMarioGame\SuperMario\Map.cpp(221,184): warning C4244:         with
D:\CS202-SuperMarioGame\SuperMario\Map.cpp(221,184): warning C4244:         [
D:\CS202-SuperMarioGame\SuperMario\Map.cpp(221,184): warning C4244:             T=float
D:\CS202-SuperMarioGame\SuperMario\Map.cpp(221,184): warning C4244:         ]
D:\CS202-SuperMarioGame\SuperMario\Map.cpp(221,181): warning C4244: 'argument': conversion from 'int' to 'T', possible loss of data
D:\CS202-SuperMarioGame\SuperMario\Map.cpp(221,181): warning C4244:         with
D:\CS202-SuperMarioGame\SuperMario\Map.cpp(221,181): warning C4244:         [
D:\CS202-SuperMarioGame\SuperMario\Map.cpp(221,181): warning C4244:             T=float
D:\CS202-SuperMarioGame\SuperMario\Map.cpp(221,181): warning C4244:         ]
D:\CS202-SuperMarioGame\SuperMario\Map.cpp(223,115): warning C4244: 'argument': conversion from 'int' to 'T', possible loss of data
D:\CS202-SuperMarioGame\SuperMario\Map.cpp(223,115): warning C4244:         with
D:\CS202-SuperMarioGame\SuperMario\Map.cpp(223,115): warning C4244:         [
D:\CS202-SuperMarioGame\SuperMario\Map.cpp(223,115): warning C4244:             T=float
D:\CS202-SuperMarioGame\SuperMario\Map.cpp(223,115): warning C4244:         ]
D:\CS202-SuperMarioGame\SuperMario\Map.cpp(223,112): warning C4244: 'argument': conversion from 'int' to 'T', possible loss of data
D:\CS202-SuperMarioGame\SuperMario\Map.cpp(223,112): warning C4244:         with
D:\CS202-SuperMarioGame\SuperMario\Map.cpp(223,112): warning C4244:         [
D:\CS202-SuperMarioGame\SuperMario\Map.cpp(223,112): warning C4244:             T=float
D:\CS202-SuperMarioGame\SuperMario\Map.cpp(223,112): warning C4244:         ]
D:\CS202-SuperMarioGame\SuperMario\Map.cpp(225,95): warning C4244: 'argument': conversion from 'int' to 'T', possible loss of data
D:\CS202-SuperMarioGame\SuperMario\Map.cpp(225,95): warning C4244:         with
D:\CS202-SuperMarioGame\SuperMario\Map.cpp(225,95): warning C4244:         [
D:\CS202-SuperMarioGame\SuperMario\Map.cpp(225,95): warning C4244:             T=float
D:\CS202-SuperMarioGame\SuperMario\Map.cpp(225,95): warning C4244:         ]
D:\CS202-SuperMarioGame\SuperMario\Map.cpp(225,92): warning C4244: 'argument': conversion from 'int' to 'T', possible loss of data
D:\CS202-SuperMarioGame\SuperMario\Map.cpp(225,92): warning C4244:         with
D:\CS202-SuperMarioGame\SuperMario\Map.cpp(225,92): warning C4244:         [
D:\CS202-SuperMarioGame\SuperMario\Map.cpp(225,92): warning C4244:             T=float
D:\CS202-SuperMarioGame\SuperMario\Map.cpp(225,92): warning C4244:         ]
D:\CS202-SuperMarioGame\SuperMario\Map.cpp(227,96): warning C4244: 'argument': conversion from 'int' to 'T', possible loss of data
D:\CS202-SuperMarioGame\SuperMario\Map.cpp(227,96): warning C4244:         with
D:\CS202-SuperMarioGame\SuperMario\Map.cpp(227,96): warning C4244:         [
D:\CS202-SuperMarioGame\SuperMario\Map.cpp(227,96): warning C4244:             T=float
D:\CS202-SuperMarioGame\SuperMario\Map.cpp(227,96): warning C4244:         ]
D:\CS202-SuperMarioGame\SuperMario\Map.cpp(227,93): warning C4244: 'argument': conversion from 'int' to 'T', possible loss of data
D:\CS202-SuperMarioGame\SuperMario\Map.cpp(227,93): warning C4244:         with
D:\CS202-SuperMarioGame\SuperMario\Map.cpp(227,93): warning C4244:         [
D:\CS202-SuperMarioGame\SuperMario\Map.cpp(227,93): warning C4244:             T=float
D:\CS202-SuperMarioGame\SuperMario\Map.cpp(227,93): warning C4244:         ]
D:\CS202-SuperMarioGame\SuperMario\Map.cpp(229,96): warning C4244: 'argument': conversion from 'int' to 'T', possible loss of data
D:\CS202-SuperMarioGame\SuperMario\Map.cpp(229,96): warning C4244:         with
D:\CS202-SuperMarioGame\SuperMario\Map.cpp(229,96): warning C4244:         [
D:\CS202-SuperMarioGame\SuperMario\Map.cpp(229,96): warning C4244:             T=float
D:\CS202-SuperMarioGame\SuperMario\Map.cpp(229,96): warning C4244:         ]
D:\CS202-SuperMarioGame\SuperMario\Map.cpp(229,93): warning C4244: 'argument': conversion from 'int' to 'T', possible loss of data
D:\CS202-SuperMarioGame\SuperMario\Map.cpp(229,93): warning C4244:         with
D:\CS202-SuperMarioGame\SuperMario\Map.cpp(229,93): warning C4244:         [
D:\CS202-SuperMarioGame\SuperMario\Map.cpp(229,93): warning C4244:             T=float
D:\CS202-SuperMarioGame\SuperMario\Map.cpp(229,93): warning C4244:         ]
D:\CS202-SuperMarioGame\SuperMario\Map.cpp(231,159): warning C4244: 'argument': conversion from 'int' to 'T', possible loss of data
D:\CS202-SuperMarioGame\SuperMario\Map.cpp(231,159): warning C4244:         with
D:\CS202-SuperMarioGame\SuperMario\Map.cpp(231,159): warning C4244:         [
D:\CS202-SuperMarioGame\SuperMario\Map.cpp(231,159): warning C4244:             T=float
D:\CS202-SuperMarioGame\SuperMario\Map.cpp(231,159): warning C4244:         ]
D:\CS202-SuperMarioGame\SuperMario\Map.cpp(231,156): warning C4244: 'argument': conversion from 'int' to 'T', possible loss of data
D:\CS202-SuperMarioGame\SuperMario\Map.cpp(231,156): warning C4244:         with
D:\CS202-SuperMarioGame\SuperMario\Map.cpp(231,156): warning C4244:         [
D:\CS202-SuperMarioGame\SuperMario\Map.cpp(231,156): warning C4244:             T=float
D:\CS202-SuperMarioGame\SuperMario\Map.cpp(231,156): warning C4244:         ]
D:\CS202-SuperMarioGame\SuperMario\Map.cpp(233,96): warning C4244: 'argument': conversion from 'int' to 'T', possible loss of data
D:\CS202-SuperMarioGame\SuperMario\Map.cpp(233,96): warning C4244:         with
D:\CS202-SuperMarioGame\SuperMario\Map.cpp(233,96): warning C4244:         [
D:\CS202-SuperMarioGame\SuperMario\Map.cpp(233,96): warning C4244:             T=float
D:\CS202-SuperMarioGame\SuperMario\Map.cpp(233,96): warning C4244:         ]
D:\CS202-SuperMarioGame\SuperMario\Map.cpp(233,93): warning C4244: 'argument': conversion from 'int' to 'T', possible loss of data
D:\CS202-SuperMarioGame\SuperMario\Map.cpp(233,93): warning C4244:         with
D:\CS202-SuperMarioGame\SuperMario\Map.cpp(233,93): warning C4244:         [
D:\CS202-SuperMarioGame\SuperMario\Map.cpp(233,93): warning C4244:             T=float
D:\CS202-SuperMarioGame\SuperMario\Map.cpp(233,93): warning C4244:         ]
D:\CS202-SuperMarioGame\SuperMario\Map.cpp(235,97): warning C4244: 'argument': conversion from 'int' to 'T', possible loss of data
D:\CS202-SuperMarioGame\SuperMario\Map.cpp(235,97): warning C4244:         with
D:\CS202-SuperMarioGame\SuperMario\Map.cpp(235,97): warning C4244:         [
D:\CS202-SuperMarioGame\SuperMario\Map.cpp(235,97): warning C4244:             T=float
D:\CS202-SuperMarioGame\SuperMario\Map.cpp(235,97): warning C4244:         ]
D:\CS202-SuperMarioGame\SuperMario\Map.cpp(235,94): warning C4244: 'argument': conversion from 'int' to 'T', possible loss of data
D:\CS202-SuperMarioGame\SuperMario\Map.cpp(235,94): warning C4244:         with
D:\CS202-SuperMarioGame\SuperMario\Map.cpp(235,94): warning C4244:         [
D:\CS202-SuperMarioGame\SuperMario\Map.cpp(235,94): warning C4244:             T=float
D:\CS202-SuperMarioGame\SuperMario\Map.cpp(235,94): warning C4244:         ]
  Menu.cpp
D:\CS202-SuperMarioGame\SuperMario\Menu.cpp(109,39): warning C4267: '=': conversion from 'size_t' to 'int', possible loss of data
D:\CS202-SuperMarioGame\SuperMario\Menu.cpp(149,66): warning C4244: 'argument': conversion from 'int' to 'T', possible loss of data
D:\CS202-SuperMarioGame\SuperMario\Menu.cpp(149,66): warning C4244:         with
D:\CS202-SuperMarioGame\SuperMario\Menu.cpp(149,66): warning C4244:         [
D:\CS202-SuperMarioGame\SuperMario\Menu.cpp(149,66): warning C4244:             T=float
D:\CS202-SuperMarioGame\SuperMario\Menu.cpp(149,66): warning C4244:         ]
D:\CS202-SuperMarioGame\SuperMario\Menu.cpp(149,55): warning C4244: 'argument': conversion from 'int' to 'T', possible loss of data
D:\CS202-SuperMarioGame\SuperMario\Menu.cpp(149,55): warning C4244:         with
D:\CS202-SuperMarioGame\SuperMario\Menu.cpp(149,55): warning C4244:         [
D:\CS202-SuperMarioGame\SuperMario\Menu.cpp(149,55): warning C4244:             T=float
D:\CS202-SuperMarioGame\SuperMario\Menu.cpp(149,55): warning C4244:         ]
D:\CS202-SuperMarioGame\SuperMario\Menu.cpp(286,10): warning C4267: 'initializing': conversion from 'size_t' to 'int', possible loss of data
D:\CS202-SuperMarioGame\SuperMario\Menu.cpp(289,29): warning C4244: 'argument': conversion from 'float' to 'unsigned int', possible loss of data
D:\CS202-SuperMarioGame\SuperMario\Menu.cpp(290,11): warning C4244: 'initializing': conversion from 'double' to 'float', possible loss of data
D:\CS202-SuperMarioGame\SuperMario\Menu.cpp(301,10): warning C4267: 'initializing': conversion from 'size_t' to 'int', possible loss of data
D:\CS202-SuperMarioGame\SuperMario\Menu.cpp(304,29): warning C4244: 'argument': conversion from 'float' to 'unsigned int', possible loss of data
D:\CS202-SuperMarioGame\SuperMario\Menu.cpp(305,11): warning C4244: 'initializing': conversion from 'double' to 'float', possible loss of data
  Physics.cpp
D:\CS202-SuperMarioGame\SuperMario\Physics.cpp(13,84): warning C4244: 'argument': conversion from 'float' to 'sf::Uint8', possible loss of data
D:\CS202-SuperMarioGame\SuperMario\Physics.cpp(13,69): warning C4244: 'argument': conversion from 'float' to 'sf::Uint8', possible loss of data
D:\CS202-SuperMarioGame\SuperMario\Physics.cpp(13,54): warning C4244: 'argument': conversion from 'float' to 'sf::Uint8', possible loss of data
D:\CS202-SuperMarioGame\SuperMario\Physics.cpp(13,39): warning C4244: 'argument': conversion from 'float' to 'sf::Uint8', possible loss of data
D:\CS202-SuperMarioGame\SuperMario\Physics.cpp(21,84): warning C4244: 'argument': conversion from 'float' to 'sf::Uint8', possible loss of data
D:\CS202-SuperMarioGame\SuperMario\Physics.cpp(21,69): warning C4244: 'argument': conversion from 'float' to 'sf::Uint8', possible loss of data
D:\CS202-SuperMarioGame\SuperMario\Physics.cpp(21,54): warning C4244: 'argument': conversion from 'float' to 'sf::Uint8', possible loss of data
D:\CS202-SuperMarioGame\SuperMario\Physics.cpp(21,39): warning C4244: 'argument': conversion from 'float' to 'sf::Uint8', possible loss of data
D:\CS202-SuperMarioGame\SuperMario\Physics.cpp(34,87): warning C4244: 'argument': conversion from 'float' to 'sf::Uint8', possible loss of data
D:\CS202-SuperMarioGame\SuperMario\Physics.cpp(34,72): warning C4244: 'argument': conversion from 'float' to 'sf::Uint8', possible loss of data
D:\CS202-SuperMarioGame\SuperMario\Physics.cpp(34,57): warning C4244: 'argument': conversion from 'float' to 'sf::Uint8', possible loss of data
D:\CS202-SuperMarioGame\SuperMario\Physics.cpp(34,42): warning C4244: 'argument': conversion from 'float' to 'sf::Uint8', possible loss of data
D:\CS202-SuperMarioGame\SuperMario\Physics.cpp(45,86): warning C4244: 'argument': conversion from 'float' to 'sf::Uint8', possible loss of data
D:\CS202-SuperMarioGame\SuperMario\Physics.cpp(45,71): warning C4244: 'argument': conversion from 'float' to 'sf::Uint8', possible loss of data
D:\CS202-SuperMarioGame\SuperMario\Physics.cpp(45,56): warning C4244: 'argument': conversion from 'float' to 'sf::Uint8', possible loss of data
D:\CS202-SuperMarioGame\SuperMario\Physics.cpp(45,41): warning C4244: 'argument': conversion from 'float' to 'sf::Uint8', possible loss of data
D:\CS202-SuperMarioGame\SuperMario\Physics.cpp(51,19): warning C4244: 'argument': conversion from 'float' to 'sf::Uint32', possible loss of data
D:\CS202-SuperMarioGame\SuperMario\Physics.cpp(74,83): warning C4244: 'argument': conversion from 'float' to 'sf::Uint8', possible loss of data
D:\CS202-SuperMarioGame\SuperMario\Physics.cpp(74,68): warning C4244: 'argument': conversion from 'float' to 'sf::Uint8', possible loss of data
D:\CS202-SuperMarioGame\SuperMario\Physics.cpp(74,53): warning C4244: 'argument': conversion from 'float' to 'sf::Uint8', possible loss of data
D:\CS202-SuperMarioGame\SuperMario\Physics.cpp(74,38): warning C4244: 'argument': conversion from 'float' to 'sf::Uint8', possible loss of data
  Renderer.cpp
  Resources.cpp
  Generating code
  Previous IPDB was built with incompatible compiler, fall back to full compilation.
  All 2040 functions were compiled because no usable IPDB/IOBJ from previous compilation was found.
  Finished generating code
  SuperMario.vcxproj -> D:\CS202-SuperMarioGame\SuperMario\x64\Release\SuperMario.exe
