  Animation.cpp
  entity.cpp
  Game.cpp
  GameFlow.cpp
F:\GitHub\SuperMario\SuperMARIO\GameFlow.cpp(314,68): warning C4244: 'argument': conversion from 'const T' to 'int', possible loss of data
F:\GitHub\SuperMario\SuperMARIO\GameFlow.cpp(314,68): warning C4244:         with
F:\GitHub\SuperMario\SuperMARIO\GameFlow.cpp(314,68): warning C4244:         [
F:\GitHub\SuperMario\SuperMARIO\GameFlow.cpp(314,68): warning C4244:             T=float
F:\GitHub\SuperMario\SuperMARIO\GameFlow.cpp(314,68): warning C4244:         ]
F:\GitHub\SuperMario\SuperMARIO\GameFlow.cpp(592,40): warning C4267: '=': conversion from 'size_t' to 'int', possible loss of data
  main.cpp
  Character.cpp
  Map.cpp
  Menu.cpp
F:\GitHub\SuperMario\SuperMARIO\Menu.cpp(134,39): warning C4267: '=': conversion from 'size_t' to 'int', possible loss of data
F:\GitHub\SuperMario\SuperMARIO\Menu.cpp(158,66): warning C4244: 'argument': conversion from 'int' to 'T', possible loss of data
F:\GitHub\SuperMario\SuperMARIO\Menu.cpp(158,66): warning C4244:         with
F:\GitHub\SuperMario\SuperMARIO\Menu.cpp(158,66): warning C4244:         [
F:\GitHub\SuperMario\SuperMARIO\Menu.cpp(158,66): warning C4244:             T=float
F:\GitHub\SuperMario\SuperMARIO\Menu.cpp(158,66): warning C4244:         ]
F:\GitHub\SuperMario\SuperMARIO\Menu.cpp(158,55): warning C4244: 'argument': conversion from 'int' to 'T', possible loss of data
F:\GitHub\SuperMario\SuperMARIO\Menu.cpp(158,55): warning C4244:         with
F:\GitHub\SuperMario\SuperMARIO\Menu.cpp(158,55): warning C4244:         [
F:\GitHub\SuperMario\SuperMARIO\Menu.cpp(158,55): warning C4244:             T=float
F:\GitHub\SuperMario\SuperMARIO\Menu.cpp(158,55): warning C4244:         ]
F:\GitHub\SuperMario\SuperMARIO\Menu.cpp(270,10): warning C4267: 'initializing': conversion from 'size_t' to 'int', possible loss of data
F:\GitHub\SuperMario\SuperMARIO\Menu.cpp(273,29): warning C4244: 'argument': conversion from 'float' to 'unsigned int', possible loss of data
F:\GitHub\SuperMario\SuperMARIO\Menu.cpp(274,11): warning C4244: 'initializing': conversion from 'double' to 'float', possible loss of data
  Resources.cpp
  Generating Code...
  SuperMario.vcxproj -> F:\GitHub\SuperMario\SuperMARIO\x64\Debug\SuperMario.exe
