  Animation.cpp
  Camera.cpp
  entity.cpp
  Game.cpp
  GameFlow.cpp
F:\GitHub\supermariosub\SuperMARIO\GameFlow.h(49,79): warning C4244: 'argument': conversion from 'T' to 'T', possible loss of data
F:\GitHub\supermariosub\SuperMARIO\GameFlow.h(49,79): warning C4244:         with
F:\GitHub\supermariosub\SuperMARIO\GameFlow.h(49,79): warning C4244:         [
F:\GitHub\supermariosub\SuperMARIO\GameFlow.h(49,79): warning C4244:             T=unsigned int
F:\GitHub\supermariosub\SuperMARIO\GameFlow.h(49,79): warning C4244:         ]
F:\GitHub\supermariosub\SuperMARIO\GameFlow.h(49,79): warning C4244:         and
F:\GitHub\supermariosub\SuperMARIO\GameFlow.h(49,79): warning C4244:         [
F:\GitHub\supermariosub\SuperMARIO\GameFlow.h(49,79): warning C4244:             T=float
F:\GitHub\supermariosub\SuperMARIO\GameFlow.h(49,79): warning C4244:         ]
  (compiling source file 'GameFlow.cpp')
  
F:\GitHub\supermariosub\SuperMARIO\GameFlow.h(49,58): warning C4244: 'argument': conversion from 'T' to 'T', possible loss of data
F:\GitHub\supermariosub\SuperMARIO\GameFlow.h(49,58): warning C4244:         with
F:\GitHub\supermariosub\SuperMARIO\GameFlow.h(49,58): warning C4244:         [
F:\GitHub\supermariosub\SuperMARIO\GameFlow.h(49,58): warning C4244:             T=unsigned int
F:\GitHub\supermariosub\SuperMARIO\GameFlow.h(49,58): warning C4244:         ]
F:\GitHub\supermariosub\SuperMARIO\GameFlow.h(49,58): warning C4244:         and
F:\GitHub\supermariosub\SuperMARIO\GameFlow.h(49,58): warning C4244:         [
F:\GitHub\supermariosub\SuperMARIO\GameFlow.h(49,58): warning C4244:             T=float
F:\GitHub\supermariosub\SuperMARIO\GameFlow.h(49,58): warning C4244:         ]
  (compiling source file 'GameFlow.cpp')
  
F:\GitHub\supermariosub\SuperMARIO\GameFlow.cpp(335,68): warning C4244: 'argument': conversion from 'const T' to 'int', possible loss of data
F:\GitHub\supermariosub\SuperMARIO\GameFlow.cpp(335,68): warning C4244:         with
F:\GitHub\supermariosub\SuperMARIO\GameFlow.cpp(335,68): warning C4244:         [
F:\GitHub\supermariosub\SuperMARIO\GameFlow.cpp(335,68): warning C4244:             T=float
F:\GitHub\supermariosub\SuperMARIO\GameFlow.cpp(335,68): warning C4244:         ]
F:\GitHub\supermariosub\SuperMARIO\GameFlow.cpp(763,68): warning C4244: 'argument': conversion from 'float' to 'int', possible loss of data
F:\GitHub\supermariosub\SuperMARIO\GameFlow.cpp(867,40): warning C4267: '=': conversion from 'size_t' to 'int', possible loss of data
  main.cpp
F:\GitHub\supermariosub\SuperMARIO\GameFlow.h(49,79): warning C4244: 'argument': conversion from 'T' to 'T', possible loss of data
F:\GitHub\supermariosub\SuperMARIO\GameFlow.h(49,79): warning C4244:         with
F:\GitHub\supermariosub\SuperMARIO\GameFlow.h(49,79): warning C4244:         [
F:\GitHub\supermariosub\SuperMARIO\GameFlow.h(49,79): warning C4244:             T=unsigned int
F:\GitHub\supermariosub\SuperMARIO\GameFlow.h(49,79): warning C4244:         ]
F:\GitHub\supermariosub\SuperMARIO\GameFlow.h(49,79): warning C4244:         and
F:\GitHub\supermariosub\SuperMARIO\GameFlow.h(49,79): warning C4244:         [
F:\GitHub\supermariosub\SuperMARIO\GameFlow.h(49,79): warning C4244:             T=float
F:\GitHub\supermariosub\SuperMARIO\GameFlow.h(49,79): warning C4244:         ]
  (compiling source file 'main.cpp')
  
F:\GitHub\supermariosub\SuperMARIO\GameFlow.h(49,58): warning C4244: 'argument': conversion from 'T' to 'T', possible loss of data
F:\GitHub\supermariosub\SuperMARIO\GameFlow.h(49,58): warning C4244:         with
F:\GitHub\supermariosub\SuperMARIO\GameFlow.h(49,58): warning C4244:         [
F:\GitHub\supermariosub\SuperMARIO\GameFlow.h(49,58): warning C4244:             T=unsigned int
F:\GitHub\supermariosub\SuperMARIO\GameFlow.h(49,58): warning C4244:         ]
F:\GitHub\supermariosub\SuperMARIO\GameFlow.h(49,58): warning C4244:         and
F:\GitHub\supermariosub\SuperMARIO\GameFlow.h(49,58): warning C4244:         [
F:\GitHub\supermariosub\SuperMARIO\GameFlow.h(49,58): warning C4244:             T=float
F:\GitHub\supermariosub\SuperMARIO\GameFlow.h(49,58): warning C4244:         ]
  (compiling source file 'main.cpp')
  
  Character.cpp
  Map.cpp
F:\GitHub\supermariosub\SuperMARIO\Map.cpp(26,34): warning C4244: 'argument': conversion from 'T' to 'const unsigned __int64', possible loss of data
F:\GitHub\supermariosub\SuperMARIO\Map.cpp(26,34): warning C4244:         with
F:\GitHub\supermariosub\SuperMARIO\Map.cpp(26,34): warning C4244:         [
F:\GitHub\supermariosub\SuperMARIO\Map.cpp(26,34): warning C4244:             T=float
F:\GitHub\supermariosub\SuperMARIO\Map.cpp(26,34): warning C4244:         ]
F:\GitHub\supermariosub\SuperMARIO\Map.cpp(26,57): warning C4244: 'argument': conversion from 'T' to 'const unsigned __int64', possible loss of data
F:\GitHub\supermariosub\SuperMARIO\Map.cpp(26,57): warning C4244:         with
F:\GitHub\supermariosub\SuperMARIO\Map.cpp(26,57): warning C4244:         [
F:\GitHub\supermariosub\SuperMARIO\Map.cpp(26,57): warning C4244:             T=float
F:\GitHub\supermariosub\SuperMARIO\Map.cpp(26,57): warning C4244:         ]
F:\GitHub\supermariosub\SuperMARIO\Map.cpp(140,31): warning C4244: '=': conversion from 'float' to '_Ty1', possible loss of data
F:\GitHub\supermariosub\SuperMARIO\Map.cpp(140,31): warning C4244:         with
F:\GitHub\supermariosub\SuperMARIO\Map.cpp(140,31): warning C4244:         [
F:\GitHub\supermariosub\SuperMARIO\Map.cpp(140,31): warning C4244:             _Ty1=int
F:\GitHub\supermariosub\SuperMARIO\Map.cpp(140,31): warning C4244:         ]
F:\GitHub\supermariosub\SuperMARIO\Map.cpp(141,32): warning C4244: '=': conversion from 'float' to '_Ty2', possible loss of data
F:\GitHub\supermariosub\SuperMARIO\Map.cpp(141,32): warning C4244:         with
F:\GitHub\supermariosub\SuperMARIO\Map.cpp(141,32): warning C4244:         [
F:\GitHub\supermariosub\SuperMARIO\Map.cpp(141,32): warning C4244:             _Ty2=int
F:\GitHub\supermariosub\SuperMARIO\Map.cpp(141,32): warning C4244:         ]
F:\GitHub\supermariosub\SuperMARIO\Map.cpp(157,21): warning C4267: 'initializing': conversion from 'size_t' to 'int', possible loss of data
F:\GitHub\supermariosub\SuperMARIO\Map.cpp(159,15): warning C4267: '=': conversion from 'size_t' to 'int', possible loss of data
F:\GitHub\supermariosub\SuperMARIO\Map.cpp(160,15): warning C4267: '=': conversion from 'size_t' to 'int', possible loss of data
F:\GitHub\supermariosub\SuperMARIO\Map.cpp(195,90): warning C4244: 'argument': conversion from 'int' to 'T', possible loss of data
F:\GitHub\supermariosub\SuperMARIO\Map.cpp(195,90): warning C4244:         with
F:\GitHub\supermariosub\SuperMARIO\Map.cpp(195,90): warning C4244:         [
F:\GitHub\supermariosub\SuperMARIO\Map.cpp(195,90): warning C4244:             T=float
F:\GitHub\supermariosub\SuperMARIO\Map.cpp(195,90): warning C4244:         ]
F:\GitHub\supermariosub\SuperMARIO\Map.cpp(195,87): warning C4244: 'argument': conversion from 'int' to 'T', possible loss of data
F:\GitHub\supermariosub\SuperMARIO\Map.cpp(195,87): warning C4244:         with
F:\GitHub\supermariosub\SuperMARIO\Map.cpp(195,87): warning C4244:         [
F:\GitHub\supermariosub\SuperMARIO\Map.cpp(195,87): warning C4244:             T=float
F:\GitHub\supermariosub\SuperMARIO\Map.cpp(195,87): warning C4244:         ]
F:\GitHub\supermariosub\SuperMARIO\Map.cpp(197,92): warning C4244: 'argument': conversion from 'int' to 'T', possible loss of data
F:\GitHub\supermariosub\SuperMARIO\Map.cpp(197,92): warning C4244:         with
F:\GitHub\supermariosub\SuperMARIO\Map.cpp(197,92): warning C4244:         [
F:\GitHub\supermariosub\SuperMARIO\Map.cpp(197,92): warning C4244:             T=float
F:\GitHub\supermariosub\SuperMARIO\Map.cpp(197,92): warning C4244:         ]
F:\GitHub\supermariosub\SuperMARIO\Map.cpp(197,89): warning C4244: 'argument': conversion from 'int' to 'T', possible loss of data
F:\GitHub\supermariosub\SuperMARIO\Map.cpp(197,89): warning C4244:         with
F:\GitHub\supermariosub\SuperMARIO\Map.cpp(197,89): warning C4244:         [
F:\GitHub\supermariosub\SuperMARIO\Map.cpp(197,89): warning C4244:             T=float
F:\GitHub\supermariosub\SuperMARIO\Map.cpp(197,89): warning C4244:         ]
F:\GitHub\supermariosub\SuperMARIO\Map.cpp(199,92): warning C4244: 'argument': conversion from 'int' to 'T', possible loss of data
F:\GitHub\supermariosub\SuperMARIO\Map.cpp(199,92): warning C4244:         with
F:\GitHub\supermariosub\SuperMARIO\Map.cpp(199,92): warning C4244:         [
F:\GitHub\supermariosub\SuperMARIO\Map.cpp(199,92): warning C4244:             T=float
F:\GitHub\supermariosub\SuperMARIO\Map.cpp(199,92): warning C4244:         ]
F:\GitHub\supermariosub\SuperMARIO\Map.cpp(199,89): warning C4244: 'argument': conversion from 'int' to 'T', possible loss of data
F:\GitHub\supermariosub\SuperMARIO\Map.cpp(199,89): warning C4244:         with
F:\GitHub\supermariosub\SuperMARIO\Map.cpp(199,89): warning C4244:         [
F:\GitHub\supermariosub\SuperMARIO\Map.cpp(199,89): warning C4244:             T=float
F:\GitHub\supermariosub\SuperMARIO\Map.cpp(199,89): warning C4244:         ]
F:\GitHub\supermariosub\SuperMARIO\Map.cpp(201,92): warning C4244: 'argument': conversion from 'int' to 'T', possible loss of data
F:\GitHub\supermariosub\SuperMARIO\Map.cpp(201,92): warning C4244:         with
F:\GitHub\supermariosub\SuperMARIO\Map.cpp(201,92): warning C4244:         [
F:\GitHub\supermariosub\SuperMARIO\Map.cpp(201,92): warning C4244:             T=float
F:\GitHub\supermariosub\SuperMARIO\Map.cpp(201,92): warning C4244:         ]
F:\GitHub\supermariosub\SuperMARIO\Map.cpp(201,89): warning C4244: 'argument': conversion from 'int' to 'T', possible loss of data
F:\GitHub\supermariosub\SuperMARIO\Map.cpp(201,89): warning C4244:         with
F:\GitHub\supermariosub\SuperMARIO\Map.cpp(201,89): warning C4244:         [
F:\GitHub\supermariosub\SuperMARIO\Map.cpp(201,89): warning C4244:             T=float
F:\GitHub\supermariosub\SuperMARIO\Map.cpp(201,89): warning C4244:         ]
F:\GitHub\supermariosub\SuperMARIO\Map.cpp(203,96): warning C4244: 'argument': conversion from 'int' to 'T', possible loss of data
F:\GitHub\supermariosub\SuperMARIO\Map.cpp(203,96): warning C4244:         with
F:\GitHub\supermariosub\SuperMARIO\Map.cpp(203,96): warning C4244:         [
F:\GitHub\supermariosub\SuperMARIO\Map.cpp(203,96): warning C4244:             T=float
F:\GitHub\supermariosub\SuperMARIO\Map.cpp(203,96): warning C4244:         ]
F:\GitHub\supermariosub\SuperMARIO\Map.cpp(203,93): warning C4244: 'argument': conversion from 'int' to 'T', possible loss of data
F:\GitHub\supermariosub\SuperMARIO\Map.cpp(203,93): warning C4244:         with
F:\GitHub\supermariosub\SuperMARIO\Map.cpp(203,93): warning C4244:         [
F:\GitHub\supermariosub\SuperMARIO\Map.cpp(203,93): warning C4244:             T=float
F:\GitHub\supermariosub\SuperMARIO\Map.cpp(203,93): warning C4244:         ]
F:\GitHub\supermariosub\SuperMARIO\Map.cpp(205,93): warning C4244: 'argument': conversion from 'int' to 'T', possible loss of data
F:\GitHub\supermariosub\SuperMARIO\Map.cpp(205,93): warning C4244:         with
F:\GitHub\supermariosub\SuperMARIO\Map.cpp(205,93): warning C4244:         [
F:\GitHub\supermariosub\SuperMARIO\Map.cpp(205,93): warning C4244:             T=float
F:\GitHub\supermariosub\SuperMARIO\Map.cpp(205,93): warning C4244:         ]
F:\GitHub\supermariosub\SuperMARIO\Map.cpp(205,90): warning C4244: 'argument': conversion from 'int' to 'T', possible loss of data
F:\GitHub\supermariosub\SuperMARIO\Map.cpp(205,90): warning C4244:         with
F:\GitHub\supermariosub\SuperMARIO\Map.cpp(205,90): warning C4244:         [
F:\GitHub\supermariosub\SuperMARIO\Map.cpp(205,90): warning C4244:             T=float
F:\GitHub\supermariosub\SuperMARIO\Map.cpp(205,90): warning C4244:         ]
F:\GitHub\supermariosub\SuperMARIO\Map.cpp(207,93): warning C4244: 'argument': conversion from 'int' to 'T', possible loss of data
F:\GitHub\supermariosub\SuperMARIO\Map.cpp(207,93): warning C4244:         with
F:\GitHub\supermariosub\SuperMARIO\Map.cpp(207,93): warning C4244:         [
F:\GitHub\supermariosub\SuperMARIO\Map.cpp(207,93): warning C4244:             T=float
F:\GitHub\supermariosub\SuperMARIO\Map.cpp(207,93): warning C4244:         ]
F:\GitHub\supermariosub\SuperMARIO\Map.cpp(207,90): warning C4244: 'argument': conversion from 'int' to 'T', possible loss of data
F:\GitHub\supermariosub\SuperMARIO\Map.cpp(207,90): warning C4244:         with
F:\GitHub\supermariosub\SuperMARIO\Map.cpp(207,90): warning C4244:         [
F:\GitHub\supermariosub\SuperMARIO\Map.cpp(207,90): warning C4244:             T=float
F:\GitHub\supermariosub\SuperMARIO\Map.cpp(207,90): warning C4244:         ]
F:\GitHub\supermariosub\SuperMARIO\Map.cpp(209,96): warning C4244: 'argument': conversion from 'int' to 'T', possible loss of data
F:\GitHub\supermariosub\SuperMARIO\Map.cpp(209,96): warning C4244:         with
F:\GitHub\supermariosub\SuperMARIO\Map.cpp(209,96): warning C4244:         [
F:\GitHub\supermariosub\SuperMARIO\Map.cpp(209,96): warning C4244:             T=float
F:\GitHub\supermariosub\SuperMARIO\Map.cpp(209,96): warning C4244:         ]
F:\GitHub\supermariosub\SuperMARIO\Map.cpp(209,93): warning C4244: 'argument': conversion from 'int' to 'T', possible loss of data
F:\GitHub\supermariosub\SuperMARIO\Map.cpp(209,93): warning C4244:         with
F:\GitHub\supermariosub\SuperMARIO\Map.cpp(209,93): warning C4244:         [
F:\GitHub\supermariosub\SuperMARIO\Map.cpp(209,93): warning C4244:             T=float
F:\GitHub\supermariosub\SuperMARIO\Map.cpp(209,93): warning C4244:         ]
F:\GitHub\supermariosub\SuperMARIO\Map.cpp(211,95): warning C4244: 'argument': conversion from 'int' to 'T', possible loss of data
F:\GitHub\supermariosub\SuperMARIO\Map.cpp(211,95): warning C4244:         with
F:\GitHub\supermariosub\SuperMARIO\Map.cpp(211,95): warning C4244:         [
F:\GitHub\supermariosub\SuperMARIO\Map.cpp(211,95): warning C4244:             T=float
F:\GitHub\supermariosub\SuperMARIO\Map.cpp(211,95): warning C4244:         ]
F:\GitHub\supermariosub\SuperMARIO\Map.cpp(211,92): warning C4244: 'argument': conversion from 'int' to 'T', possible loss of data
F:\GitHub\supermariosub\SuperMARIO\Map.cpp(211,92): warning C4244:         with
F:\GitHub\supermariosub\SuperMARIO\Map.cpp(211,92): warning C4244:         [
F:\GitHub\supermariosub\SuperMARIO\Map.cpp(211,92): warning C4244:             T=float
F:\GitHub\supermariosub\SuperMARIO\Map.cpp(211,92): warning C4244:         ]
F:\GitHub\supermariosub\SuperMARIO\Map.cpp(213,95): warning C4244: 'argument': conversion from 'int' to 'T', possible loss of data
F:\GitHub\supermariosub\SuperMARIO\Map.cpp(213,95): warning C4244:         with
F:\GitHub\supermariosub\SuperMARIO\Map.cpp(213,95): warning C4244:         [
F:\GitHub\supermariosub\SuperMARIO\Map.cpp(213,95): warning C4244:             T=float
F:\GitHub\supermariosub\SuperMARIO\Map.cpp(213,95): warning C4244:         ]
F:\GitHub\supermariosub\SuperMARIO\Map.cpp(213,92): warning C4244: 'argument': conversion from 'int' to 'T', possible loss of data
F:\GitHub\supermariosub\SuperMARIO\Map.cpp(213,92): warning C4244:         with
F:\GitHub\supermariosub\SuperMARIO\Map.cpp(213,92): warning C4244:         [
F:\GitHub\supermariosub\SuperMARIO\Map.cpp(213,92): warning C4244:             T=float
F:\GitHub\supermariosub\SuperMARIO\Map.cpp(213,92): warning C4244:         ]
F:\GitHub\supermariosub\SuperMARIO\Map.cpp(215,148): warning C4244: 'argument': conversion from 'int' to 'T', possible loss of data
F:\GitHub\supermariosub\SuperMARIO\Map.cpp(215,148): warning C4244:         with
F:\GitHub\supermariosub\SuperMARIO\Map.cpp(215,148): warning C4244:         [
F:\GitHub\supermariosub\SuperMARIO\Map.cpp(215,148): warning C4244:             T=float
F:\GitHub\supermariosub\SuperMARIO\Map.cpp(215,148): warning C4244:         ]
F:\GitHub\supermariosub\SuperMARIO\Map.cpp(215,145): warning C4244: 'argument': conversion from 'int' to 'T', possible loss of data
F:\GitHub\supermariosub\SuperMARIO\Map.cpp(215,145): warning C4244:         with
F:\GitHub\supermariosub\SuperMARIO\Map.cpp(215,145): warning C4244:         [
F:\GitHub\supermariosub\SuperMARIO\Map.cpp(215,145): warning C4244:             T=float
F:\GitHub\supermariosub\SuperMARIO\Map.cpp(215,145): warning C4244:         ]
F:\GitHub\supermariosub\SuperMARIO\Map.cpp(219,148): warning C4244: 'argument': conversion from 'int' to 'T', possible loss of data
F:\GitHub\supermariosub\SuperMARIO\Map.cpp(219,148): warning C4244:         with
F:\GitHub\supermariosub\SuperMARIO\Map.cpp(219,148): warning C4244:         [
F:\GitHub\supermariosub\SuperMARIO\Map.cpp(219,148): warning C4244:             T=float
F:\GitHub\supermariosub\SuperMARIO\Map.cpp(219,148): warning C4244:         ]
F:\GitHub\supermariosub\SuperMARIO\Map.cpp(219,145): warning C4244: 'argument': conversion from 'int' to 'T', possible loss of data
F:\GitHub\supermariosub\SuperMARIO\Map.cpp(219,145): warning C4244:         with
F:\GitHub\supermariosub\SuperMARIO\Map.cpp(219,145): warning C4244:         [
F:\GitHub\supermariosub\SuperMARIO\Map.cpp(219,145): warning C4244:             T=float
F:\GitHub\supermariosub\SuperMARIO\Map.cpp(219,145): warning C4244:         ]
F:\GitHub\supermariosub\SuperMARIO\Map.cpp(221,184): warning C4244: 'argument': conversion from 'int' to 'T', possible loss of data
F:\GitHub\supermariosub\SuperMARIO\Map.cpp(221,184): warning C4244:         with
F:\GitHub\supermariosub\SuperMARIO\Map.cpp(221,184): warning C4244:         [
F:\GitHub\supermariosub\SuperMARIO\Map.cpp(221,184): warning C4244:             T=float
F:\GitHub\supermariosub\SuperMARIO\Map.cpp(221,184): warning C4244:         ]
F:\GitHub\supermariosub\SuperMARIO\Map.cpp(221,181): warning C4244: 'argument': conversion from 'int' to 'T', possible loss of data
F:\GitHub\supermariosub\SuperMARIO\Map.cpp(221,181): warning C4244:         with
F:\GitHub\supermariosub\SuperMARIO\Map.cpp(221,181): warning C4244:         [
F:\GitHub\supermariosub\SuperMARIO\Map.cpp(221,181): warning C4244:             T=float
F:\GitHub\supermariosub\SuperMARIO\Map.cpp(221,181): warning C4244:         ]
F:\GitHub\supermariosub\SuperMARIO\Map.cpp(223,99): warning C4244: 'argument': conversion from 'int' to 'T', possible loss of data
F:\GitHub\supermariosub\SuperMARIO\Map.cpp(223,99): warning C4244:         with
F:\GitHub\supermariosub\SuperMARIO\Map.cpp(223,99): warning C4244:         [
F:\GitHub\supermariosub\SuperMARIO\Map.cpp(223,99): warning C4244:             T=float
F:\GitHub\supermariosub\SuperMARIO\Map.cpp(223,99): warning C4244:         ]
F:\GitHub\supermariosub\SuperMARIO\Map.cpp(223,96): warning C4244: 'argument': conversion from 'int' to 'T', possible loss of data
F:\GitHub\supermariosub\SuperMARIO\Map.cpp(223,96): warning C4244:         with
F:\GitHub\supermariosub\SuperMARIO\Map.cpp(223,96): warning C4244:         [
F:\GitHub\supermariosub\SuperMARIO\Map.cpp(223,96): warning C4244:             T=float
F:\GitHub\supermariosub\SuperMARIO\Map.cpp(223,96): warning C4244:         ]
F:\GitHub\supermariosub\SuperMARIO\Map.cpp(225,95): warning C4244: 'argument': conversion from 'int' to 'T', possible loss of data
F:\GitHub\supermariosub\SuperMARIO\Map.cpp(225,95): warning C4244:         with
F:\GitHub\supermariosub\SuperMARIO\Map.cpp(225,95): warning C4244:         [
F:\GitHub\supermariosub\SuperMARIO\Map.cpp(225,95): warning C4244:             T=float
F:\GitHub\supermariosub\SuperMARIO\Map.cpp(225,95): warning C4244:         ]
F:\GitHub\supermariosub\SuperMARIO\Map.cpp(225,92): warning C4244: 'argument': conversion from 'int' to 'T', possible loss of data
F:\GitHub\supermariosub\SuperMARIO\Map.cpp(225,92): warning C4244:         with
F:\GitHub\supermariosub\SuperMARIO\Map.cpp(225,92): warning C4244:         [
F:\GitHub\supermariosub\SuperMARIO\Map.cpp(225,92): warning C4244:             T=float
F:\GitHub\supermariosub\SuperMARIO\Map.cpp(225,92): warning C4244:         ]
F:\GitHub\supermariosub\SuperMARIO\Map.cpp(227,96): warning C4244: 'argument': conversion from 'int' to 'T', possible loss of data
F:\GitHub\supermariosub\SuperMARIO\Map.cpp(227,96): warning C4244:         with
F:\GitHub\supermariosub\SuperMARIO\Map.cpp(227,96): warning C4244:         [
F:\GitHub\supermariosub\SuperMARIO\Map.cpp(227,96): warning C4244:             T=float
F:\GitHub\supermariosub\SuperMARIO\Map.cpp(227,96): warning C4244:         ]
F:\GitHub\supermariosub\SuperMARIO\Map.cpp(227,93): warning C4244: 'argument': conversion from 'int' to 'T', possible loss of data
F:\GitHub\supermariosub\SuperMARIO\Map.cpp(227,93): warning C4244:         with
F:\GitHub\supermariosub\SuperMARIO\Map.cpp(227,93): warning C4244:         [
F:\GitHub\supermariosub\SuperMARIO\Map.cpp(227,93): warning C4244:             T=float
F:\GitHub\supermariosub\SuperMARIO\Map.cpp(227,93): warning C4244:         ]
F:\GitHub\supermariosub\SuperMARIO\Map.cpp(229,96): warning C4244: 'argument': conversion from 'int' to 'T', possible loss of data
F:\GitHub\supermariosub\SuperMARIO\Map.cpp(229,96): warning C4244:         with
F:\GitHub\supermariosub\SuperMARIO\Map.cpp(229,96): warning C4244:         [
F:\GitHub\supermariosub\SuperMARIO\Map.cpp(229,96): warning C4244:             T=float
F:\GitHub\supermariosub\SuperMARIO\Map.cpp(229,96): warning C4244:         ]
F:\GitHub\supermariosub\SuperMARIO\Map.cpp(229,93): warning C4244: 'argument': conversion from 'int' to 'T', possible loss of data
F:\GitHub\supermariosub\SuperMARIO\Map.cpp(229,93): warning C4244:         with
F:\GitHub\supermariosub\SuperMARIO\Map.cpp(229,93): warning C4244:         [
F:\GitHub\supermariosub\SuperMARIO\Map.cpp(229,93): warning C4244:             T=float
F:\GitHub\supermariosub\SuperMARIO\Map.cpp(229,93): warning C4244:         ]
F:\GitHub\supermariosub\SuperMARIO\Map.cpp(231,159): warning C4244: 'argument': conversion from 'int' to 'T', possible loss of data
F:\GitHub\supermariosub\SuperMARIO\Map.cpp(231,159): warning C4244:         with
F:\GitHub\supermariosub\SuperMARIO\Map.cpp(231,159): warning C4244:         [
F:\GitHub\supermariosub\SuperMARIO\Map.cpp(231,159): warning C4244:             T=float
F:\GitHub\supermariosub\SuperMARIO\Map.cpp(231,159): warning C4244:         ]
F:\GitHub\supermariosub\SuperMARIO\Map.cpp(231,156): warning C4244: 'argument': conversion from 'int' to 'T', possible loss of data
F:\GitHub\supermariosub\SuperMARIO\Map.cpp(231,156): warning C4244:         with
F:\GitHub\supermariosub\SuperMARIO\Map.cpp(231,156): warning C4244:         [
F:\GitHub\supermariosub\SuperMARIO\Map.cpp(231,156): warning C4244:             T=float
F:\GitHub\supermariosub\SuperMARIO\Map.cpp(231,156): warning C4244:         ]
  Menu.cpp
F:\GitHub\supermariosub\SuperMARIO\Menu.cpp(109,39): warning C4267: '=': conversion from 'size_t' to 'int', possible loss of data
F:\GitHub\supermariosub\SuperMARIO\Menu.cpp(149,66): warning C4244: 'argument': conversion from 'int' to 'T', possible loss of data
F:\GitHub\supermariosub\SuperMARIO\Menu.cpp(149,66): warning C4244:         with
F:\GitHub\supermariosub\SuperMARIO\Menu.cpp(149,66): warning C4244:         [
F:\GitHub\supermariosub\SuperMARIO\Menu.cpp(149,66): warning C4244:             T=float
F:\GitHub\supermariosub\SuperMARIO\Menu.cpp(149,66): warning C4244:         ]
F:\GitHub\supermariosub\SuperMARIO\Menu.cpp(149,55): warning C4244: 'argument': conversion from 'int' to 'T', possible loss of data
F:\GitHub\supermariosub\SuperMARIO\Menu.cpp(149,55): warning C4244:         with
F:\GitHub\supermariosub\SuperMARIO\Menu.cpp(149,55): warning C4244:         [
F:\GitHub\supermariosub\SuperMARIO\Menu.cpp(149,55): warning C4244:             T=float
F:\GitHub\supermariosub\SuperMARIO\Menu.cpp(149,55): warning C4244:         ]
F:\GitHub\supermariosub\SuperMARIO\Menu.cpp(270,10): warning C4267: 'initializing': conversion from 'size_t' to 'int', possible loss of data
F:\GitHub\supermariosub\SuperMARIO\Menu.cpp(273,29): warning C4244: 'argument': conversion from 'float' to 'unsigned int', possible loss of data
F:\GitHub\supermariosub\SuperMARIO\Menu.cpp(274,11): warning C4244: 'initializing': conversion from 'double' to 'float', possible loss of data
F:\GitHub\supermariosub\SuperMARIO\Menu.cpp(285,10): warning C4267: 'initializing': conversion from 'size_t' to 'int', possible loss of data
F:\GitHub\supermariosub\SuperMARIO\Menu.cpp(288,29): warning C4244: 'argument': conversion from 'float' to 'unsigned int', possible loss of data
F:\GitHub\supermariosub\SuperMARIO\Menu.cpp(289,11): warning C4244: 'initializing': conversion from 'double' to 'float', possible loss of data
  Physics.cpp
F:\GitHub\supermariosub\SuperMARIO\Physics.cpp(13,84): warning C4244: 'argument': conversion from 'float' to 'sf::Uint8', possible loss of data
F:\GitHub\supermariosub\SuperMARIO\Physics.cpp(13,69): warning C4244: 'argument': conversion from 'float' to 'sf::Uint8', possible loss of data
F:\GitHub\supermariosub\SuperMARIO\Physics.cpp(13,54): warning C4244: 'argument': conversion from 'float' to 'sf::Uint8', possible loss of data
F:\GitHub\supermariosub\SuperMARIO\Physics.cpp(13,39): warning C4244: 'argument': conversion from 'float' to 'sf::Uint8', possible loss of data
F:\GitHub\supermariosub\SuperMARIO\Physics.cpp(21,84): warning C4244: 'argument': conversion from 'float' to 'sf::Uint8', possible loss of data
F:\GitHub\supermariosub\SuperMARIO\Physics.cpp(21,69): warning C4244: 'argument': conversion from 'float' to 'sf::Uint8', possible loss of data
F:\GitHub\supermariosub\SuperMARIO\Physics.cpp(21,54): warning C4244: 'argument': conversion from 'float' to 'sf::Uint8', possible loss of data
F:\GitHub\supermariosub\SuperMARIO\Physics.cpp(21,39): warning C4244: 'argument': conversion from 'float' to 'sf::Uint8', possible loss of data
F:\GitHub\supermariosub\SuperMARIO\Physics.cpp(34,87): warning C4244: 'argument': conversion from 'float' to 'sf::Uint8', possible loss of data
F:\GitHub\supermariosub\SuperMARIO\Physics.cpp(34,72): warning C4244: 'argument': conversion from 'float' to 'sf::Uint8', possible loss of data
F:\GitHub\supermariosub\SuperMARIO\Physics.cpp(34,57): warning C4244: 'argument': conversion from 'float' to 'sf::Uint8', possible loss of data
F:\GitHub\supermariosub\SuperMARIO\Physics.cpp(34,42): warning C4244: 'argument': conversion from 'float' to 'sf::Uint8', possible loss of data
F:\GitHub\supermariosub\SuperMARIO\Physics.cpp(45,86): warning C4244: 'argument': conversion from 'float' to 'sf::Uint8', possible loss of data
F:\GitHub\supermariosub\SuperMARIO\Physics.cpp(45,71): warning C4244: 'argument': conversion from 'float' to 'sf::Uint8', possible loss of data
F:\GitHub\supermariosub\SuperMARIO\Physics.cpp(45,56): warning C4244: 'argument': conversion from 'float' to 'sf::Uint8', possible loss of data
F:\GitHub\supermariosub\SuperMARIO\Physics.cpp(45,41): warning C4244: 'argument': conversion from 'float' to 'sf::Uint8', possible loss of data
F:\GitHub\supermariosub\SuperMARIO\Physics.cpp(51,19): warning C4244: 'argument': conversion from 'float' to 'sf::Uint32', possible loss of data
F:\GitHub\supermariosub\SuperMARIO\Physics.cpp(74,83): warning C4244: 'argument': conversion from 'float' to 'sf::Uint8', possible loss of data
F:\GitHub\supermariosub\SuperMARIO\Physics.cpp(74,68): warning C4244: 'argument': conversion from 'float' to 'sf::Uint8', possible loss of data
F:\GitHub\supermariosub\SuperMARIO\Physics.cpp(74,53): warning C4244: 'argument': conversion from 'float' to 'sf::Uint8', possible loss of data
F:\GitHub\supermariosub\SuperMARIO\Physics.cpp(74,38): warning C4244: 'argument': conversion from 'float' to 'sf::Uint8', possible loss of data
  Renderer.cpp
  Resources.cpp
  Generating Code...
LINK : fatal error LNK1104: cannot open file 'box2d.lib'
